<?xml version="1.0" encoding="UTF-8"?>
<!-- Generated by org.testng.reporters.JUnitReportReporter -->
<testsuite hostname="Jarvis" failures="0" tests="3" name="com.mystore.testcases.MyAccountDataDrivenPageTest" time="46.294" errors="0" timestamp="2025-03-31T21:53:26 IST" skipped="1">
  <testcase classname="com.mystore.testcases.MyAccountDataDrivenPageTest" name="verifyRegisteredUserLogin" time="25.786"/>
  <testcase classname="com.mystore.testcases.MyAccountDataDrivenPageTest" name="verifyRegisteredUserLogin" time="20.508"/>
  <testcase classname="com.mystore.testcases.MyAccountDataDrivenPageTest" name="verifyRegistrationAndLogin">
    <skipped/>
  </testcase> <!-- verifyRegistrationAndLogin -->
</testsuite> <!-- com.mystore.testcases.MyAccountDataDrivenPageTest -->
